<html>
<head>
<title>TestNG:  Profile_Page_B2_LeftBlock</title>
<link href="../testng.css" rel="stylesheet" type="text/css" />
<link href="../my-testng.css" rel="stylesheet" type="text/css" />

<style type="text/css">
.log { display: none;} 
.stack-trace { display: none;} 
</style>
<script type="text/javascript">
<!--
function flip(e) {
  current = e.style.display;
  if (current == 'block') {
    e.style.display = 'none';
    return 0;
  }
  else {
    e.style.display = 'block';
    return 1;
  }
}

function toggleBox(szDivId, elem, msg1, msg2)
{
  var res = -1;  if (document.getElementById) {
    res = flip(document.getElementById(szDivId));
  }
  else if (document.all) {
    // this is the way old msie versions work
    res = flip(document.all[szDivId]);
  }
  if(elem) {
    if(res == 0) elem.innerHTML = msg1; else elem.innerHTML = msg2;
  }

}

function toggleAllBoxes() {
  if (document.getElementsByTagName) {
    d = document.getElementsByTagName('div');
    for (i = 0; i < d.length; i++) {
      if (d[i].className == 'log') {
        flip(d[i]);
      }
    }
  }
}

// -->
</script>

</head>
<body>
<h2 align='center'>Profile_Page_B2_LeftBlock</h2><table border='1' align="center">
<tr>
<td>Tests passed/Failed/Skipped:</td><td>6/2/2</td>
</tr><tr>
<td>Started on:</td><td>Mon Jul 17 13:04:54 IST 2017</td>
</tr>
<tr><td>Total time:</td><td>83 seconds (83517 ms)</td>
</tr><tr>
<td>Included groups:</td><td></td>
</tr><tr>
<td>Excluded groups:</td><td></td>
</tr>
</table><p/>
<small><i>(Hover the method name to see the test class name)</i></small><p/>
<table width='100%' border='1' class='invocation-failed'>
<tr><td colspan='4' align='center'><b>FAILED TESTS</b></td></tr>
<tr><td><b>Test method</b></td>
<td width="30%"><b>Exception</b></td>
<td width="10%"><b>Time (seconds)</b></td>
<td><b>Instance</b></td>
</tr>
<tr>
<td title='a2_Profile_Page.B2_LeftBlock.b4_WebSiteLink()'><b>b4_WebSiteLink</b><br>Test class: a2_Profile_Page.B2_LeftBlock<br/>
<a href="#Output-391506011" onClick='toggleBox("Output-391506011", this, "Show output", "Hide output");'>Show output</a>

<a href="#Output-391506011" onClick="toggleAllBoxes();">Show all outputs</a>
<div class='log' id="Output-391506011">
URL : https://www.sulekha.com/goodwill-domestic-packers-movers-iso-certified-sudhama-nagar-bangalore-contact-address<br/>
</div>
</td>
<td><div><pre>java.lang.AssertionError: issue in WebSite link  expected [true] but found [false]
	at a2_Profile_Page.B2_LeftBlock.b4_WebSiteLink(B2_LeftBlock.java:111)
... Removed 28 stack frames</pre></div><a href='#' onClick='toggleBox("stack-trace391506011", this, "Click to show all stack frames", "Click to hide stack frames")'>Click to show all stack frames</a>
<div class='stack-trace' id='stack-trace391506011'><pre>java.lang.AssertionError: issue in WebSite link  expected [true] but found [false]
	at org.testng.Assert.fail(Assert.java:93)
	at org.testng.Assert.failNotEquals(Assert.java:512)
	at org.testng.Assert.assertTrue(Assert.java:41)
	at a2_Profile_Page.B2_LeftBlock.b4_WebSiteLink(B2_LeftBlock.java:111)
	at sun.reflect.NativeMethodAccessorImpl.invoke0(Native Method)
	at sun.reflect.NativeMethodAccessorImpl.invoke(NativeMethodAccessorImpl.java:62)
	at sun.reflect.DelegatingMethodAccessorImpl.invoke(DelegatingMethodAccessorImpl.java:43)
	at java.lang.reflect.Method.invoke(Method.java:498)
	at org.testng.internal.MethodInvocationHelper.invokeMethod(MethodInvocationHelper.java:108)
	at org.testng.internal.Invoker.invokeMethod(Invoker.java:661)
	at org.testng.internal.Invoker.retryFailed(Invoker.java:1014)
	at org.testng.internal.Invoker.invokeTestMethods(Invoker.java:1215)
	at org.testng.internal.TestMethodWorker.invokeTestMethods(TestMethodWorker.java:126)
	at org.testng.internal.TestMethodWorker.run(TestMethodWorker.java:109)
	at org.testng.TestRunner.privateRun(TestRunner.java:744)
	at org.testng.TestRunner.run(TestRunner.java:602)
	at org.testng.SuiteRunner.runTest(SuiteRunner.java:380)
	at org.testng.SuiteRunner.runSequentially(SuiteRunner.java:375)
	at org.testng.SuiteRunner.privateRun(SuiteRunner.java:340)
	at org.testng.SuiteRunner.run(SuiteRunner.java:289)
	at org.testng.SuiteRunnerWorker.runSuite(SuiteRunnerWorker.java:52)
	at org.testng.SuiteRunnerWorker.run(SuiteRunnerWorker.java:86)
	at org.testng.TestNG.runSuitesSequentially(TestNG.java:1301)
	at org.testng.TestNG.runSuitesLocally(TestNG.java:1226)
	at org.testng.TestNG.runSuites(TestNG.java:1144)
	at org.testng.TestNG.run(TestNG.java:1115)
	at org.testng.remote.AbstractRemoteTestNG.run(AbstractRemoteTestNG.java:132)
	at org.testng.remote.RemoteTestNG.initAndRun(RemoteTestNG.java:230)
	at org.testng.remote.RemoteTestNG.main(RemoteTestNG.java:76)
</pre></div></td>
<td>2</td>
<td>a2_Profile_Page.B2_LeftBlock@3e9b1010</td></tr>
<tr>
<td title='a2_Profile_Page.B2_LeftBlock.b8_AlsoListed()'><b>b8_AlsoListed</b><br>Test class: a2_Profile_Page.B2_LeftBlock<br/>
<a href="#Output-1291367132" onClick='toggleBox("Output-1291367132", this, "Show output", "Hide output");'>Show output</a>

<a href="#Output-1291367132" onClick="toggleAllBoxes();">Show all outputs</a>
<div class='log' id="Output-1291367132">
URL : https://www.sulekha.com/js-home-services-saidapet-chennai-contact-address<br/>
</div>
</td>
<td><div><pre>java.lang.AssertionError: issue is also list link expected [true] but found [false]
	at a2_Profile_Page.B2_LeftBlock.b8_AlsoListed(B2_LeftBlock.java:272)
... Removed 28 stack frames</pre></div><a href='#' onClick='toggleBox("stack-trace1291367132", this, "Click to show all stack frames", "Click to hide stack frames")'>Click to show all stack frames</a>
<div class='stack-trace' id='stack-trace1291367132'><pre>java.lang.AssertionError: issue is also list link expected [true] but found [false]
	at org.testng.Assert.fail(Assert.java:93)
	at org.testng.Assert.failNotEquals(Assert.java:512)
	at org.testng.Assert.assertTrue(Assert.java:41)
	at a2_Profile_Page.B2_LeftBlock.b8_AlsoListed(B2_LeftBlock.java:272)
	at sun.reflect.NativeMethodAccessorImpl.invoke0(Native Method)
	at sun.reflect.NativeMethodAccessorImpl.invoke(NativeMethodAccessorImpl.java:62)
	at sun.reflect.DelegatingMethodAccessorImpl.invoke(DelegatingMethodAccessorImpl.java:43)
	at java.lang.reflect.Method.invoke(Method.java:498)
	at org.testng.internal.MethodInvocationHelper.invokeMethod(MethodInvocationHelper.java:108)
	at org.testng.internal.Invoker.invokeMethod(Invoker.java:661)
	at org.testng.internal.Invoker.retryFailed(Invoker.java:1014)
	at org.testng.internal.Invoker.invokeTestMethods(Invoker.java:1215)
	at org.testng.internal.TestMethodWorker.invokeTestMethods(TestMethodWorker.java:126)
	at org.testng.internal.TestMethodWorker.run(TestMethodWorker.java:109)
	at org.testng.TestRunner.privateRun(TestRunner.java:744)
	at org.testng.TestRunner.run(TestRunner.java:602)
	at org.testng.SuiteRunner.runTest(SuiteRunner.java:380)
	at org.testng.SuiteRunner.runSequentially(SuiteRunner.java:375)
	at org.testng.SuiteRunner.privateRun(SuiteRunner.java:340)
	at org.testng.SuiteRunner.run(SuiteRunner.java:289)
	at org.testng.SuiteRunnerWorker.runSuite(SuiteRunnerWorker.java:52)
	at org.testng.SuiteRunnerWorker.run(SuiteRunnerWorker.java:86)
	at org.testng.TestNG.runSuitesSequentially(TestNG.java:1301)
	at org.testng.TestNG.runSuitesLocally(TestNG.java:1226)
	at org.testng.TestNG.runSuites(TestNG.java:1144)
	at org.testng.TestNG.run(TestNG.java:1115)
	at org.testng.remote.AbstractRemoteTestNG.run(AbstractRemoteTestNG.java:132)
	at org.testng.remote.RemoteTestNG.initAndRun(RemoteTestNG.java:230)
	at org.testng.remote.RemoteTestNG.main(RemoteTestNG.java:76)
</pre></div></td>
<td>2</td>
<td>a2_Profile_Page.B2_LeftBlock@3e9b1010</td></tr>
</table><p>
<table width='100%' border='1' class='invocation-passed'>
<tr><td colspan='4' align='center'><b>PASSED TESTS</b></td></tr>
<tr><td><b>Test method</b></td>
<td width="30%"><b>Exception</b></td>
<td width="10%"><b>Time (seconds)</b></td>
<td><b>Instance</b></td>
</tr>
<tr>
<td title='a2_Profile_Page.B2_LeftBlock.b1_ReviewLink()'><b>b1_ReviewLink</b><br>Test class: a2_Profile_Page.B2_LeftBlock<br/>
<a href="#Output-1805164661" onClick='toggleBox("Output-1805164661", this, "Show output", "Hide output");'>Show output</a>

<a href="#Output-1805164661" onClick="toggleAllBoxes();">Show all outputs</a>
<div class='log' id="Output-1805164661">
URL: https://www.sulekha.com/goodwill-domestic-packers-movers-iso-certified-sudhama-nagar-bangalore-contact-address<br/>
Review link working fine true<br/>
</div>
</td>
<td></td>
<td>0</td>
<td>a2_Profile_Page.B2_LeftBlock@3e9b1010</td></tr>
<tr>
<td title='a2_Profile_Page.B2_LeftBlock.b2_TnClink()'><b>b2_TnClink</b><br>Test class: a2_Profile_Page.B2_LeftBlock<br/>
<a href="#Output-600958416" onClick='toggleBox("Output-600958416", this, "Show output", "Hide output");'>Show output</a>

<a href="#Output-600958416" onClick="toggleAllBoxes();">Show all outputs</a>
<div class='log' id="Output-600958416">
URL : https://www.sulekha.com/goodwill-domestic-packers-movers-iso-certified-sudhama-nagar-bangalore-contact-address<br/>
T&C apply link working fine http://www.sulekha.com/collateral/terms#lcf<br/>
</div>
</td>
<td></td>
<td>1</td>
<td>a2_Profile_Page.B2_LeftBlock@3e9b1010</td></tr>
<tr>
<td title='a2_Profile_Page.B2_LeftBlock.b3_GetDirection()'><b>b3_GetDirection</b><br>Test class: a2_Profile_Page.B2_LeftBlock<br/>
<a href="#Output-179294202" onClick='toggleBox("Output-179294202", this, "Show output", "Hide output");'>Show output</a>

<a href="#Output-179294202" onClick="toggleAllBoxes();">Show all outputs</a>
<div class='log' id="Output-179294202">
URL : https://www.sulekha.com/goodwill-domestic-packers-movers-iso-certified-sudhama-nagar-bangalore-contact-address<br/>
Get Direction is functionality is working fine, Thank you popup heading text : GET DIRECTION<br/>
</div>
</td>
<td></td>
<td>2</td>
<td>a2_Profile_Page.B2_LeftBlock@3e9b1010</td></tr>
<tr>
<td title='a2_Profile_Page.B2_LeftBlock.b5_ReportError()'><b>b5_ReportError</b><br>Test class: a2_Profile_Page.B2_LeftBlock<br/>
<a href="#Output-955324150" onClick='toggleBox("Output-955324150", this, "Show output", "Hide output");'>Show output</a>

<a href="#Output-955324150" onClick="toggleAllBoxes();">Show all outputs</a>
<div class='log' id="Output-955324150">
URL : https://www.sulekha.com/goodwill-domestic-packers-movers-iso-certified-sudhama-nagar-bangalore-contact-address<br/>
Report error is working fine : Thank you for contributing this information!<br/>
</div>
</td>
<td></td>
<td>7</td>
<td>a2_Profile_Page.B2_LeftBlock@3e9b1010</td></tr>
<tr>
<td title='a2_Profile_Page.B2_LeftBlock.b6_ReportComplaint()'><b>b6_ReportComplaint</b><br>Test class: a2_Profile_Page.B2_LeftBlock<br/>
<a href="#Output-1123236701" onClick='toggleBox("Output-1123236701", this, "Show output", "Hide output");'>Show output</a>

<a href="#Output-1123236701" onClick="toggleAllBoxes();">Show all outputs</a>
<div class='log' id="Output-1123236701">
URL : https://www.sulekha.com/goodwill-domestic-packers-movers-iso-certified-sudhama-nagar-bangalore-contact-address<br/>
Report Complaint is working fine : Thank you, for giving your valuable input. We will check and update the profile<br/>
</div>
</td>
<td></td>
<td>7</td>
<td>a2_Profile_Page.B2_LeftBlock@3e9b1010</td></tr>
<tr>
<td title='a2_Profile_Page.B2_LeftBlock.b7_PhotoLink()'><b>b7_PhotoLink</b><br>Test class: a2_Profile_Page.B2_LeftBlock<br/>
<a href="#Output-864138492" onClick='toggleBox("Output-864138492", this, "Show output", "Hide output");'>Show output</a>

<a href="#Output-864138492" onClick="toggleAllBoxes();">Show all outputs</a>
<div class='log' id="Output-864138492">
URL : https://www.sulekha.com/goodwill-domestic-packers-movers-iso-certified-sudhama-nagar-bangalore-contact-address<br/>
Photo links are working fine in listing tuple : <br/>
</div>
</td>
<td></td>
<td>3</td>
<td>a2_Profile_Page.B2_LeftBlock@3e9b1010</td></tr>
</table><p>
<table width='100%' border='1' class='invocation-skipped'>
<tr><td colspan='4' align='center'><b>SKIPPED TESTS</b></td></tr>
<tr><td><b>Test method</b></td>
<td width="30%"><b>Exception</b></td>
<td width="10%"><b>Time (seconds)</b></td>
<td><b>Instance</b></td>
</tr>
<tr>
<td title='a2_Profile_Page.B2_LeftBlock.b4_WebSiteLink()'><b>b4_WebSiteLink</b><br>Test class: a2_Profile_Page.B2_LeftBlock<br/>
<a href="#Output-1817789863" onClick='toggleBox("Output-1817789863", this, "Show output", "Hide output");'>Show output</a>

<a href="#Output-1817789863" onClick="toggleAllBoxes();">Show all outputs</a>
<div class='log' id="Output-1817789863">
URL : https://www.sulekha.com/goodwill-domestic-packers-movers-iso-certified-sudhama-nagar-bangalore-contact-address<br/>
</div>
</td>
<td><div><pre>java.lang.AssertionError: issue in WebSite link  expected [true] but found [false]
	at a2_Profile_Page.B2_LeftBlock.b4_WebSiteLink(B2_LeftBlock.java:111)
... Removed 28 stack frames</pre></div><a href='#' onClick='toggleBox("stack-trace1817789863", this, "Click to show all stack frames", "Click to hide stack frames")'>Click to show all stack frames</a>
<div class='stack-trace' id='stack-trace1817789863'><pre>java.lang.AssertionError: issue in WebSite link  expected [true] but found [false]
	at org.testng.Assert.fail(Assert.java:93)
	at org.testng.Assert.failNotEquals(Assert.java:512)
	at org.testng.Assert.assertTrue(Assert.java:41)
	at a2_Profile_Page.B2_LeftBlock.b4_WebSiteLink(B2_LeftBlock.java:111)
	at sun.reflect.NativeMethodAccessorImpl.invoke0(Native Method)
	at sun.reflect.NativeMethodAccessorImpl.invoke(NativeMethodAccessorImpl.java:62)
	at sun.reflect.DelegatingMethodAccessorImpl.invoke(DelegatingMethodAccessorImpl.java:43)
	at java.lang.reflect.Method.invoke(Method.java:498)
	at org.testng.internal.MethodInvocationHelper.invokeMethod(MethodInvocationHelper.java:108)
	at org.testng.internal.Invoker.invokeMethod(Invoker.java:661)
	at org.testng.internal.Invoker.invokeTestMethod(Invoker.java:869)
	at org.testng.internal.Invoker.invokeTestMethods(Invoker.java:1193)
	at org.testng.internal.TestMethodWorker.invokeTestMethods(TestMethodWorker.java:126)
	at org.testng.internal.TestMethodWorker.run(TestMethodWorker.java:109)
	at org.testng.TestRunner.privateRun(TestRunner.java:744)
	at org.testng.TestRunner.run(TestRunner.java:602)
	at org.testng.SuiteRunner.runTest(SuiteRunner.java:380)
	at org.testng.SuiteRunner.runSequentially(SuiteRunner.java:375)
	at org.testng.SuiteRunner.privateRun(SuiteRunner.java:340)
	at org.testng.SuiteRunner.run(SuiteRunner.java:289)
	at org.testng.SuiteRunnerWorker.runSuite(SuiteRunnerWorker.java:52)
	at org.testng.SuiteRunnerWorker.run(SuiteRunnerWorker.java:86)
	at org.testng.TestNG.runSuitesSequentially(TestNG.java:1301)
	at org.testng.TestNG.runSuitesLocally(TestNG.java:1226)
	at org.testng.TestNG.runSuites(TestNG.java:1144)
	at org.testng.TestNG.run(TestNG.java:1115)
	at org.testng.remote.AbstractRemoteTestNG.run(AbstractRemoteTestNG.java:132)
	at org.testng.remote.RemoteTestNG.initAndRun(RemoteTestNG.java:230)
	at org.testng.remote.RemoteTestNG.main(RemoteTestNG.java:76)
</pre></div></td>
<td>2</td>
<td>a2_Profile_Page.B2_LeftBlock@3e9b1010</td></tr>
<tr>
<td title='a2_Profile_Page.B2_LeftBlock.b8_AlsoListed()'><b>b8_AlsoListed</b><br>Test class: a2_Profile_Page.B2_LeftBlock<br/>
<a href="#Output-1123559518" onClick='toggleBox("Output-1123559518", this, "Show output", "Hide output");'>Show output</a>

<a href="#Output-1123559518" onClick="toggleAllBoxes();">Show all outputs</a>
<div class='log' id="Output-1123559518">
URL : https://www.sulekha.com/js-home-services-saidapet-chennai-contact-address<br/>
</div>
</td>
<td><div><pre>org.openqa.selenium.NoSuchElementException: no such element: Unable to locate element: {&quot;method&quot;:&quot;xpath&quot;,&quot;selector&quot;:&quot;//h1&quot;}
  (Session info: chrome=59.0.3071.115)
  (Driver info: chromedriver=2.29.461591 (62ebf098771772160f391d75e589dc567915b233),platform=Windows NT 10.0.14393 x86_64) (WARNING: The server did not provide any stacktrace information)
Command duration or timeout: 21.08 seconds
For documentation on this error, please visit: http://seleniumhq.org/exceptions/no_such_element.html
Build info: version: &apos;2.53.0&apos;, revision: &apos;35ae25b1534ae328c771e0856c93e187490ca824&apos;, time: &apos;2016-03-15 10:43:46&apos;
System info: host: &apos;DESK-1989&apos;, ip: &apos;192.168.3.110&apos;, os.name: &apos;Windows 10&apos;, os.arch: &apos;amd64&apos;, os.version: &apos;10.0&apos;, java.version: &apos;1.8.0_131&apos;
Driver info: org.openqa.selenium.chrome.ChromeDriver
Capabilities [{applicationCacheEnabled=false, rotatable=false, mobileEmulationEnabled=false, networkConnectionEnabled=false, chrome={chromedriverVersion=2.29.461591 (62ebf098771772160f391d75e589dc567915b233), userDataDir=C:\Users\HARISH~1\AppData\Local\Temp\scoped_dir19124_13997}, takesHeapSnapshot=true, pageLoadStrategy=normal, databaseEnabled=false, handlesAlerts=true, hasTouchScreen=false, version=59.0.3071.115, platform=XP, browserConnectionEnabled=false, nativeEvents=true, acceptSslCerts=true, locationContextEnabled=true, webStorageEnabled=true, browserName=chrome, takesScreenshot=true, javascriptEnabled=true, cssSelectorsEnabled=true, unexpectedAlertBehaviour=}]
Session ID: 47c16285651b8f7d59e1e4e5dcec8748
*** Element info: {Using=xpath, value=//h1}
	at org.openqa.selenium.remote.ErrorHandler.createThrowable(ErrorHandler.java:206)
	at org.openqa.selenium.remote.ErrorHandler.throwIfResponseFailed(ErrorHandler.java:158)
	at org.openqa.selenium.remote.RemoteWebDriver.execute(RemoteWebDriver.java:678)
	at org.openqa.selenium.remote.RemoteWebDriver.findElement(RemoteWebDriver.java:363)
	at org.openqa.selenium.remote.RemoteWebDriver.findElementByXPath(RemoteWebDriver.java:500)
	at org.openqa.selenium.By$ByXPath.findElement(By.java:361)
	at org.openqa.selenium.remote.RemoteWebDriver.findElement(RemoteWebDriver.java:355)
	at a2_Profile_Page.B2_LeftBlock.b8_AlsoListed(B2_LeftBlock.java:270)
... Removed 29 stack frames</pre></div><a href='#' onClick='toggleBox("stack-trace1123559518", this, "Click to show all stack frames", "Click to hide stack frames")'>Click to show all stack frames</a>
<div class='stack-trace' id='stack-trace1123559518'><pre>org.openqa.selenium.NoSuchElementException: no such element: Unable to locate element: {&quot;method&quot;:&quot;xpath&quot;,&quot;selector&quot;:&quot;//h1&quot;}
  (Session info: chrome=59.0.3071.115)
  (Driver info: chromedriver=2.29.461591 (62ebf098771772160f391d75e589dc567915b233),platform=Windows NT 10.0.14393 x86_64) (WARNING: The server did not provide any stacktrace information)
Command duration or timeout: 21.08 seconds
For documentation on this error, please visit: http://seleniumhq.org/exceptions/no_such_element.html
Build info: version: &apos;2.53.0&apos;, revision: &apos;35ae25b1534ae328c771e0856c93e187490ca824&apos;, time: &apos;2016-03-15 10:43:46&apos;
System info: host: &apos;DESK-1989&apos;, ip: &apos;192.168.3.110&apos;, os.name: &apos;Windows 10&apos;, os.arch: &apos;amd64&apos;, os.version: &apos;10.0&apos;, java.version: &apos;1.8.0_131&apos;
Driver info: org.openqa.selenium.chrome.ChromeDriver
Capabilities [{applicationCacheEnabled=false, rotatable=false, mobileEmulationEnabled=false, networkConnectionEnabled=false, chrome={chromedriverVersion=2.29.461591 (62ebf098771772160f391d75e589dc567915b233), userDataDir=C:\Users\HARISH~1\AppData\Local\Temp\scoped_dir19124_13997}, takesHeapSnapshot=true, pageLoadStrategy=normal, databaseEnabled=false, handlesAlerts=true, hasTouchScreen=false, version=59.0.3071.115, platform=XP, browserConnectionEnabled=false, nativeEvents=true, acceptSslCerts=true, locationContextEnabled=true, webStorageEnabled=true, browserName=chrome, takesScreenshot=true, javascriptEnabled=true, cssSelectorsEnabled=true, unexpectedAlertBehaviour=}]
Session ID: 47c16285651b8f7d59e1e4e5dcec8748
*** Element info: {Using=xpath, value=//h1}
	at sun.reflect.NativeConstructorAccessorImpl.newInstance0(Native Method)
	at sun.reflect.NativeConstructorAccessorImpl.newInstance(NativeConstructorAccessorImpl.java:62)
	at sun.reflect.DelegatingConstructorAccessorImpl.newInstance(DelegatingConstructorAccessorImpl.java:45)
	at java.lang.reflect.Constructor.newInstance(Constructor.java:423)
	at org.openqa.selenium.remote.ErrorHandler.createThrowable(ErrorHandler.java:206)
	at org.openqa.selenium.remote.ErrorHandler.throwIfResponseFailed(ErrorHandler.java:158)
	at org.openqa.selenium.remote.RemoteWebDriver.execute(RemoteWebDriver.java:678)
	at org.openqa.selenium.remote.RemoteWebDriver.findElement(RemoteWebDriver.java:363)
	at org.openqa.selenium.remote.RemoteWebDriver.findElementByXPath(RemoteWebDriver.java:500)
	at org.openqa.selenium.By$ByXPath.findElement(By.java:361)
	at org.openqa.selenium.remote.RemoteWebDriver.findElement(RemoteWebDriver.java:355)
	at a2_Profile_Page.B2_LeftBlock.b8_AlsoListed(B2_LeftBlock.java:270)
	at sun.reflect.NativeMethodAccessorImpl.invoke0(Native Method)
	at sun.reflect.NativeMethodAccessorImpl.invoke(NativeMethodAccessorImpl.java:62)
	at sun.reflect.DelegatingMethodAccessorImpl.invoke(DelegatingMethodAccessorImpl.java:43)
	at java.lang.reflect.Method.invoke(Method.java:498)
	at org.testng.internal.MethodInvocationHelper.invokeMethod(MethodInvocationHelper.java:108)
	at org.testng.internal.Invoker.invokeMethod(Invoker.java:661)
	at org.testng.internal.Invoker.invokeTestMethod(Invoker.java:869)
	at org.testng.internal.Invoker.invokeTestMethods(Invoker.java:1193)
	at org.testng.internal.TestMethodWorker.invokeTestMethods(TestMethodWorker.java:126)
	at org.testng.internal.TestMethodWorker.run(TestMethodWorker.java:109)
	at org.testng.TestRunner.privateRun(TestRunner.java:744)
	at org.testng.TestRunner.run(TestRunner.java:602)
	at org.testng.SuiteRunner.runTest(SuiteRunner.java:380)
	at org.testng.SuiteRunner.runSequentially(SuiteRunner.java:375)
	at org.testng.SuiteRunner.privateRun(SuiteRunner.java:340)
	at org.testng.SuiteRunner.run(SuiteRunner.java:289)
	at org.testng.SuiteRunnerWorker.runSuite(SuiteRunnerWorker.java:52)
	at org.testng.SuiteRunnerWorker.run(SuiteRunnerWorker.java:86)
	at org.testng.TestNG.runSuitesSequentially(TestNG.java:1301)
	at org.testng.TestNG.runSuitesLocally(TestNG.java:1226)
	at org.testng.TestNG.runSuites(TestNG.java:1144)
	at org.testng.TestNG.run(TestNG.java:1115)
	at org.testng.remote.AbstractRemoteTestNG.run(AbstractRemoteTestNG.java:132)
	at org.testng.remote.RemoteTestNG.initAndRun(RemoteTestNG.java:230)
	at org.testng.remote.RemoteTestNG.main(RemoteTestNG.java:76)
</pre></div></td>
<td>24</td>
<td>a2_Profile_Page.B2_LeftBlock@3e9b1010</td></tr>
</table><p>
</body>
</html>